d:\cupboards\cupboards\proj.win32\release.win32\mainmenuscene.obj
d:\cupboards\cupboards\proj.win32\release.win32\main.obj
d:\cupboards\cupboards\proj.win32\release.win32\gamescene.obj
d:\cupboards\cupboards\proj.win32\release.win32\levelmanager.obj
d:\cupboards\cupboards\proj.win32\release.win32\appdelegate.obj
d:\cupboards\cupboards\proj.win32\release.win32\gamechip.obj
d:\cupboards\cupboards\proj.win32\release.win32\gamepoint.obj
d:\cupboards\cupboards\proj.win32\release.win32\vc142.pdb
d:\cupboards\cupboards\proj.win32\release.win32\cupboards.lib
d:\cupboards\cupboards\proj.win32\release.win32\cupboards.exp
d:\cupboards\cupboards\proj.win32\release.win32\cupboards.ipdb
d:\cupboards\cupboards\proj.win32\release.win32\cupboards.iobj
d:\cupboards\cupboards\proj.win32\cupboards.cab
d:\cupboards\cupboards\proj.win32\release.win32\cupboards.exe
d:\cupboards\cupboards\proj.win32\release.win32\cupboards.pdb
d:\cupboards\cupboards\proj.win32\release.win32\game.res
d:\cupboards\cupboards\proj.win32\release.win32\libcocos2d.exp
d:\cupboards\cupboards\proj.win32\release.win32\libcocos2d.pdb
d:\cupboards\cupboards\proj.win32\release.win32\cupboards.tlog\cl.command.1.tlog
d:\cupboards\cupboards\proj.win32\release.win32\cupboards.tlog\cl.read.1.tlog
d:\cupboards\cupboards\proj.win32\release.win32\cupboards.tlog\cl.write.1.tlog
d:\cupboards\cupboards\proj.win32\release.win32\cupboards.tlog\cupboards.write.1u.tlog
d:\cupboards\cupboards\proj.win32\release.win32\cupboards.tlog\custombuildstep.read.1u.tlog
d:\cupboards\cupboards\proj.win32\release.win32\cupboards.tlog\custombuildstep.write.1u.tlog
d:\cupboards\cupboards\proj.win32\release.win32\cupboards.tlog\link.command.1.tlog
d:\cupboards\cupboards\proj.win32\release.win32\cupboards.tlog\link.delete.1.tlog
d:\cupboards\cupboards\proj.win32\release.win32\cupboards.tlog\link.read.1.tlog
d:\cupboards\cupboards\proj.win32\release.win32\cupboards.tlog\link.write.1.tlog
d:\cupboards\cupboards\proj.win32\release.win32\cupboards.tlog\rc.command.1.tlog
d:\cupboards\cupboards\proj.win32\release.win32\cupboards.tlog\rc.read.1.tlog
d:\cupboards\cupboards\proj.win32\release.win32\cupboards.tlog\rc.write.1.tlog
